=== Test Results
TEST NAME                                                                           OUTCOME  MESSAGE                                                                                                                                                                               RUNTIME (MS)
──────────────────────────────────────────────────────────────────────────────────  ───────  ────────────────────────────────────────────────────────────────────────────────────────────────────────────────────────────────────────────────────────────────────────────────────  ────────────
CarBuilderList_Test.testCarBuilderList                                              Pass                                                                                                                                                                                           26
ChangePasswordControllerTest.testChangePasswordController                           Pass                                                                                                                                                                                           22
CommissioningToolTest.updateToolsStatus                                             Pass                                                                                                                                                                                           181
CommissioningToolTest.updateToolsStatusCalibrated                                   Pass                                                                                                                                                                                           143
CommissioningToolTest.updateToolsStatusNotCalibrated                                Pass                                                                                                                                                                                           135
CommissioningToolTest.updateToolStatus                                              Fail     System.DmlException: Insert failed. First exception on row 0; first error: UNABLE_TO_LOCK_ROW, unable to obtain exclusive access to this record or 1 records: a3E030000008cFzEAI: []  5531
                                                                                             Class.CommissioningToolTest.updateToolStatus: line 19, column 1
CommissioningToolTest.updateToolStatusCalibrated                                    Pass                                                                                                                                                                                           1229
CommissioningToolTest.updateToolStatusNotCalibrated                                 Pass                                                                                                                                                                                           78
CommunitiesLandingControllerTest.testCommunitiesLandingController                   Pass                                                                                                                                                                                           15
CommunitiesLoginControllerTest.testCommunitiesLoginController                       Pass                                                                                                                                                                                           31
CommunitiesSelfRegConfirmControllerTest.testCommunitiesSelfRegConfirmController     Pass                                                                                                                                                                                           26
CommunitiesSelfRegControllerTest.testCommunitiesSelfRegController                   Fail     System.SObjectException: Field is not writeable: User.ProfileId                                                                                                                       21
                                                                                             Class.CommunitiesSelfRegController.registerUser: line 45, column 1
                                                                                             Class.CommunitiesSelfRegControllerTest.testCommunitiesSelfRegController: line 14, column 1
CW_CaseManagement_Test.test1                                                        Pass                                                                                                                                                                                           1702
CW_CaseManagement_Test.test1x                                                       Pass                                                                                                                                                                                           426
CW_CaseManagement_Test.test2                                                        Pass                                                                                                                                                                                           407
CW_CaseManagement_Test.test2x                                                       Pass                                                                                                                                                                                           395
CW_CaseManagement_Test.test3                                                        Pass                                                                                                                                                                                           405
CW_CaseManagement_Test.test3x                                                       Pass                                                                                                                                                                                           381
CW_CaseManagement_Test.test4                                                        Pass                                                                                                                                                                                           488
FMI_SendEmail_Test.schedulerExecuteMethodTest                                       Fail     System.EmailException: SendEmail failed. First exception on row 0; first error: NO_MASS_MAIL_PERMISSION, Single email is not enabled for your organization or profile.: []            1624
                                                                                             Class.FMI_SendEmail.sendEmail: line 87, column 1
                                                                                             Class.FMI_SendEmail.execute: line 27, column 1
FMI_SendEmail_Test.setSortDirectionTest                                             Pass                                                                                                                                                                                           218
FMI_Status_Update_Trigger_Test.testFMI_Status_Update_Trigger                        Pass                                                                                                                                                                                           2777
FMI_Tracker_Controller_Seattle_Test.getFMITrackerEmailReportTest                    Fail     System.EmailException: SendEmail failed. First exception on row 0; first error: NO_MASS_MAIL_PERMISSION, Single email is not enabled for your organization or profile.: []            1612
                                                                                             Class.FMI_Tracker_Report_Controller_Seattle.sendEmail: line 522, column 1
                                                                                             Class.FMI_Tracker_Controller_Seattle_Test.getFMITrackerEmailReportTest: line 352, column 1
FMI_Tracker_Controller_Seattle_Test.getFMITrackerReportStatusTest                   Pass                                                                                                                                                                                           290
FMI_Tracker_Controller_Seattle_Test.getFMITrackerReportStatusWithCategoryTest       Pass                                                                                                                                                                                           265
FMI_Tracker_Controller_Seattle_Test.getFMITrackerReportStatusWithCategoryTest10     Pass                                                                                                                                                                                           265
FMI_Tracker_Controller_Seattle_Test.getFMITrackerReportStatusWithCategoryTest11     Pass                                                                                                                                                                                           282
FMI_Tracker_Controller_Seattle_Test.getFMITrackerReportStatusWithCategoryTest12     Pass                                                                                                                                                                                           349
FMI_Tracker_Controller_Seattle_Test.getFMITrackerReportStatusWithCategoryTest13     Pass                                                                                                                                                                                           281
FMI_Tracker_Controller_Seattle_Test.getFMITrackerReportStatusWithCategoryTest14     Pass                                                                                                                                                                                           317
FMI_Tracker_Controller_Seattle_Test.getFMITrackerReportStatusWithCategoryTest15     Pass                                                                                                                                                                                           292
FMI_Tracker_Controller_Seattle_Test.getFMITrackerReportStatusWithCategoryTest2      Pass                                                                                                                                                                                           269
FMI_Tracker_Controller_Seattle_Test.getFMITrackerReportStatusWithCategoryTest3      Pass                                                                                                                                                                                           285
FMI_Tracker_Controller_Seattle_Test.getFMITrackerReportStatusWithCategoryTest4      Pass                                                                                                                                                                                           637
FMI_Tracker_Controller_Seattle_Test.getFMITrackerReportStatusWithCategoryTest5      Pass                                                                                                                                                                                           355
FMI_Tracker_Controller_Seattle_Test.getFMITrackerReportStatusWithCategoryTest6      Pass                                                                                                                                                                                           353
FMI_Tracker_Controller_Seattle_Test.getFMITrackerReportStatusWithCategoryTest7      Pass                                                                                                                                                                                           296
FMI_Tracker_Controller_Seattle_Test.getFMITrackerReportStatusWithCategoryTest8      Pass                                                                                                                                                                                           278
FMI_Tracker_Controller_Seattle_Test.getFMITrackerReportStatusWithCategoryTest9      Pass                                                                                                                                                                                           344
FMI_Tracker_Controller_Seattle_Test.getFMITrackerReportTest                         Pass                                                                                                                                                                                           280
FMI_Tracker_Controller_Seattle_Test.getSortDirectionTest                            Pass                                                                                                                                                                                           195
FMI_Tracker_Controller_Seattle_Test.setSortDirectionTest                            Pass                                                                                                                                                                                           326
FMI_Tracker_Controller_Seattle_Test.statusColorTest                                 Pass                                                                                                                                                                                           227
FMI_Tracker_Report_ControllerTestClass.getFMITrackerEmailReportTest                 Fail     System.EmailException: SendEmail failed. First exception on row 0; first error: NO_MASS_MAIL_PERMISSION, Single email is not enabled for your organization or profile.: []            2054
                                                                                             Class.FMI_Tracker_Report_Controller.sendEmail: line 446, column 1
                                                                                             Class.FMI_Tracker_Report_ControllerTestClass.getFMITrackerEmailReportTest: line 370, column 1
FMI_Tracker_Report_ControllerTestClass.getFMITrackerReportStatusTest                Pass                                                                                                                                                                                           315
FMI_Tracker_Report_ControllerTestClass.getFMITrackerReportStatusWithCategoryTest    Pass                                                                                                                                                                                           327
FMI_Tracker_Report_ControllerTestClass.getFMITrackerReportStatusWithCategoryTest10  Pass                                                                                                                                                                                           286
FMI_Tracker_Report_ControllerTestClass.getFMITrackerReportStatusWithCategoryTest11  Pass                                                                                                                                                                                           304
FMI_Tracker_Report_ControllerTestClass.getFMITrackerReportStatusWithCategoryTest12  Pass                                                                                                                                                                                           323
FMI_Tracker_Report_ControllerTestClass.getFMITrackerReportStatusWithCategoryTest13  Pass                                                                                                                                                                                           288
FMI_Tracker_Report_ControllerTestClass.getFMITrackerReportStatusWithCategoryTest14  Pass                                                                                                                                                                                           298
FMI_Tracker_Report_ControllerTestClass.getFMITrackerReportStatusWithCategoryTest15  Pass                                                                                                                                                                                           293
FMI_Tracker_Report_ControllerTestClass.getFMITrackerReportStatusWithCategoryTest2   Pass                                                                                                                                                                                           282
FMI_Tracker_Report_ControllerTestClass.getFMITrackerReportStatusWithCategoryTest3   Pass                                                                                                                                                                                           290
FMI_Tracker_Report_ControllerTestClass.getFMITrackerReportStatusWithCategoryTest4   Pass                                                                                                                                                                                           290
FMI_Tracker_Report_ControllerTestClass.getFMITrackerReportStatusWithCategoryTest5   Pass                                                                                                                                                                                           316
FMI_Tracker_Report_ControllerTestClass.getFMITrackerReportStatusWithCategoryTest6   Pass                                                                                                                                                                                           308
FMI_Tracker_Report_ControllerTestClass.getFMITrackerReportStatusWithCategoryTest7   Pass                                                                                                                                                                                           396
FMI_Tracker_Report_ControllerTestClass.getFMITrackerReportStatusWithCategoryTest8   Pass                                                                                                                                                                                           288
FMI_Tracker_Report_ControllerTestClass.getFMITrackerReportStatusWithCategoryTest9   Pass                                                                                                                                                                                           276
FMI_Tracker_Report_ControllerTestClass.getFMITrackerReportTest                      Pass                                                                                                                                                                                           296
FMI_Tracker_Report_ControllerTestClass.getSortDirectionTest                         Pass                                                                                                                                                                                           214
FMI_Tracker_Report_ControllerTestClass.setSortDirectionTest                         Pass                                                                                                                                                                                           216
FMI_Tracker_Report_ControllerTestClass.statusColorTest                              Pass                                                                                                                                                                                           225
ForgotPasswordControllerTest.testForgotPasswordController                           Pass                                                                                                                                                                                           11
MyProfilePageControllerTest.testSave                                                Pass                                                                                                                                                                                           255
ObjectCreationFactoryTest.CreateException                                           Pass                                                                                                                                                                                           19
ObjectCreationFactoryTest.CreatePropulsion                                          Pass                                                                                                                                                                                           6
ObjectCreationFactoryTest.CreateTruck                                               Pass                                                                                                                                                                                           5
ObjectStatusUpdateTest.updateStatusAccepted                                         Pass                                                                                                                                                                                           1908
ObjectStatusUpdateTest.updateStatusArrived                                          Pass                                                                                                                                                                                           532
ObjectStatusUpdateTest.updateStatusEndOfWarranty                                    Pass                                                                                                                                                                                           172
ObjectStatusUpdateTest.updateStatusPropAccepted                                     Pass                                                                                                                                                                                           940
ObjectStatusUpdateTest.updateStatusPropArrived                                      Pass                                                                                                                                                                                           1027
ObjectStatusUpdateTest.updateStatusPropEndOfWarranty                                Pass                                                                                                                                                                                           978
ObjectStatusUpdateTest.updateStatusPropSent                                         Pass                                                                                                                                                                                           898
ObjectStatusUpdateTest.updateStatusSent                                             Pass                                                                                                                                                                                           177
ProcedureProcessTrigger_Test.testTriggerInsert                                      Pass                                                                                                                                                                                           1499
RHX_TEST_Case.RHX_Testmethod                                                        Pass                                                                                                                                                                                           1625
Shift_Opportunity_Trigger_Test.negativeTestForWon                                   Pass                                                                                                                                                                                           1370
Shift_Opportunity_Trigger_Test.positiveBatchTest                                    Pass                                                                                                                                                                                           10544
Shift_Opportunity_Trigger_Test.positiveTestForLost                                  Pass                                                                                                                                                                                           669
Shift_Opportunity_Trigger_Test.positiveTestForWon                                   Pass                                                                                                                                                                                           583
SiteLoginControllerTest.testSiteLoginController                                     Pass                                                                                                                                                                                           17
SiteRegisterControllerTest.testRegistration                                         Pass                                                                                                                                                                                           26
TrendApexAction_Test.testApexAction                                                 Pass                                                                                                                                                                                           35
TrendRecordCreation_Test.testMaxNumber                                              Pass                                                                                                                                                                                           42
TrendRecordCreation_Test.testMaxNumber_RMA                                          Pass                                                                                                                                                                                           5
TrendRecordCreation_Test.testTrendRecordCreation                                    Pass                                                                                                                                                                                           3407
UpdateDateOnStatusChangeTest.PropUpdateDateAccepted                                 Pass                                                                                                                                                                                           484
UpdateDateOnStatusChangeTest.PropUpdateDateArrived                                  Pass                                                                                                                                                                                           255
UpdateDateOnStatusChangeTest.PropUpdateDateSent                                     Pass                                                                                                                                                                                           312
UpdateDateOnStatusChangeTest.TruckUpdateDateAccepted                                Pass                                                                                                                                                                                           286
UpdateDateOnStatusChangeTest.TruckUpdateDateArrived                                 Pass                                                                                                                                                                                           201
UpdateDateOnStatusChangeTest.TruckUpdateDateSent                                    Pass                                                                                                                                                                                           193

=== Failures
FULLNAME                                                             MESSAGE
───────────────────────────────────────────────────────────────────  ────────────────────────────────────────────────────────────────────────────────────────────────────────────────────────────────────────────────────────────────────────────────────
CommissioningToolTest.updateToolStatus                               System.DmlException: Insert failed. First exception on row 0; first error: UNABLE_TO_LOCK_ROW, unable to obtain exclusive access to this record or 1 records: a3E030000008cFzEAI: []
                                                                     /Users/vladimirbessonov/Downloads/01/01_Salesforce/ComponentManager/force-app/main/default/classes/CommissioningTools/CommissioningToolTest.cls:19:1
CommunitiesSelfRegControllerTest.testCommunitiesSelfRegController    System.SObjectException: Field is not writeable: User.ProfileId

FMI_SendEmail_Test.schedulerExecuteMethodTest                        System.EmailException: SendEmail failed. First exception on row 0; first error: NO_MASS_MAIL_PERMISSION, Single email is not enabled for your organization or profile.: []

FMI_Tracker_Controller_Seattle_Test.getFMITrackerEmailReportTest     System.EmailException: SendEmail failed. First exception on row 0; first error: NO_MASS_MAIL_PERMISSION, Single email is not enabled for your organization or profile.: []

FMI_Tracker_Report_ControllerTestClass.getFMITrackerEmailReportTest  System.EmailException: SendEmail failed. First exception on row 0; first error: NO_MASS_MAIL_PERMISSION, Single email is not enabled for your organization or profile.: []


=== Test Summary
NAME                 VALUE
───────────────────  ─────────────────────────────────────────
Outcome              Failed
Tests Ran            95
Passing              90
Failing              5
Skipped              0
Pass Rate            95%
Fail Rate            5%
Test Start Time      Sep 28, 2020 12:11 AM
Test Execution Time  60425 ms
Test Total Time      60217 ms
Command Time         2773 ms
Hostname             https://cs196.salesforce.com
Org Id               00D030000008jhjEAA
Username             vladimir.bessonov@siemens.com.comanager1
Test Run Id          70703000003dV5Y
User Id              0051W0000062EnyQAE

